Using pre-set license
Built from '2020.3/release' branch; Version is '2020.3.2f1 (8fd9074bf66c) revision 9427207'; Using compiler version '192528614'; Build Type 'Release'
OS: 'Windows 10 Home; OS build 19042.1415; Version 2009; 64bit' Language: 'sv' Physical Memory: 16340 MB
BatchMode: 1, IsHumanControllingUs: 0, StartBugReporterOnCrash: 0, Is64bit: 1, IsPro: 0

 COMMAND LINE ARGUMENTS:
D:\Unity\Editor\Unity.exe
-adb2
-batchMode
-noUpm
-name
AssetImportWorker0
-projectPath
D:/Rep/HackNSlash/Test_Repository/UnityAssets
-logFile
Logs/AssetImportWorker0.log
-srvPort
61511
Successfully changed project path to: D:/Rep/HackNSlash/Test_Repository/UnityAssets
D:/Rep/HackNSlash/Test_Repository/UnityAssets
Using Asset Import Pipeline V2.
Refreshing native plugins compatible for Editor in 109.77 ms, found 0 plugins.
Preloading 0 native plugins for Editor in 0.00 ms.
Initialize engine version: 2020.3.2f1 (8fd9074bf66c)
[Subsystems] Discovering subsystems at path D:/Unity/Editor/Data/Resources/UnitySubsystems
[Subsystems] Discovering subsystems at path D:/Rep/HackNSlash/Test_Repository/UnityAssets/Assets
GfxDevice: creating device client; threaded=0
Direct3D:
    Version:  Direct3D 11.0 [level 11.1]
    Renderer: NVIDIA GeForce RTX 3070 (ID=0x2484)
    Vendor:   
    VRAM:     8043 MB
    Driver:   30.0.14.9729
Shader 'Universal Render Pipeline/Particles/Lit': fallback shader 'Universal Render Pipeline/Particles/SimpleLit' not found
Initialize mono
Mono path[0] = 'D:/Unity/Editor/Data/Managed'
Mono path[1] = 'D:/Unity/Editor/Data/MonoBleedingEdge/lib/mono/unityjit'
Mono config path = 'D:/Unity/Editor/Data/MonoBleedingEdge/etc'
Using monoOptions --debugger-agent=transport=dt_socket,embedding=1,server=y,suspend=n,address=127.0.0.1:56988
Begin MonoManager ReloadAssembly
Registering precompiled unity dll's ...
Register platform support module: D:/Unity/Editor/Data/PlaybackEngines/WindowsStandaloneSupport/UnityEditor.WindowsStandalone.Extensions.dll
Registered in 0.000982 seconds.
Native extension for WindowsStandalone target not found
Refreshing native plugins compatible for Editor in 55.19 ms, found 0 plugins.
Preloading 0 native plugins for Editor in 0.00 ms.
Invoked RoslynAnalysisRunner static constructor.
RoslynAnalysisRunner will not be running.
RoslynAnalysisRunner has terminated.
Mono: successfully reloaded assembly
- Completed reload, in  0.977 seconds
Platform modules already initialized, skipping
Registering precompiled user dll's ...
Registered in 0.003327 seconds.
Begin MonoManager ReloadAssembly
Native extension for WindowsStandalone target not found
Refreshing native plugins compatible for Editor in 50.76 ms, found 0 plugins.
Preloading 0 native plugins for Editor in 0.00 ms.
Invoked RoslynAnalysisRunner static constructor.
RoslynAnalysisRunner will not be running.
RoslynAnalysisRunner has terminated.
Mono: successfully reloaded assembly
- Completed reload, in  0.949 seconds
Platform modules already initialized, skipping
========================================================================
Worker process is ready to serve import requests
Shader 'Universal Render Pipeline/Particles/Lit': fallback shader 'Universal Render Pipeline/Particles/SimpleLit' not found
Launched and connected shader compiler UnityShaderCompiler.exe after 0.07 seconds
Refreshing native plugins compatible for Editor in 0.59 ms, found 0 plugins.
Preloading 0 native plugins for Editor in 0.00 ms.
Unloading 3249 Unused Serialized files (Serialized files now loaded: 0)
System memory in use before: 151.5 MB.
System memory in use after: 151.6 MB.

Unloading 45 unused Assets to reduce memory usage. Loaded Objects now: 3676.
Total: 2.402100 ms (FindLiveObjects: 0.303600 ms CreateObjectMapping: 0.144700 ms MarkObjects: 1.771000 ms  DeleteObjects: 0.181800 ms)

========================================================================
Received Import Request.
  path: Assets/BLINDED_AM_ME package/ShaderGraph assets/UniversalRenderPipelineAsset.asset
  artifactKey: Guid(1525d38e0f37f714598447720393f002) Importer(815301076,1909f56bfc062723c751e8b465ee728b)
Start importing Assets/BLINDED_AM_ME package/ShaderGraph assets/UniversalRenderPipelineAsset.asset using Guid(1525d38e0f37f714598447720393f002) Importer(815301076,1909f56bfc062723c751e8b465ee728b)  -> (artifact id: '16654625b5557f8b1eab213b4d091b7b') in 0.082043 seconds
  Import took 0.106678 seconds .

========================================================================
Received Import Request.
  Time since last request: 23.045017 seconds.
  path: Assets/Cross.blend
  artifactKey: Guid(f4d981d1ca9319848b86e9929e29d369) Importer(815301076,1909f56bfc062723c751e8b465ee728b)
Start importing Assets/Cross.blend using Guid(f4d981d1ca9319848b86e9929e29d369) Importer(815301076,1909f56bfc062723c751e8b465ee728b)  -> (artifact id: '84793309b370d663e547f8d8c0a40cc9') in 0.501883 seconds
  Import took 0.524404 seconds .

========================================================================
Received Import Request.
  Time since last request: 0.000258 seconds.
  path: Assets/Goblin_Green.blend
  artifactKey: Guid(1bc4506c08d444a46a3dcccfcde55222) Importer(815301076,1909f56bfc062723c751e8b465ee728b)
Start importing Assets/Goblin_Green.blend using Guid(1bc4506c08d444a46a3dcccfcde55222) Importer(815301076,1909f56bfc062723c751e8b465ee728b)  -> (artifact id: '7298aec0ac5982db7f8610877d6c81e8') in 0.125197 seconds
  Import took 0.152223 seconds .

========================================================================
Received Import Request.
  Time since last request: 0.000252 seconds.
  path: Assets/Tree.prefab
  artifactKey: Guid(713d2b95b95796d439eb9301d28d6aef) Importer(815301076,1909f56bfc062723c751e8b465ee728b)
Start importing Assets/Tree.prefab using Guid(713d2b95b95796d439eb9301d28d6aef) Importer(815301076,1909f56bfc062723c751e8b465ee728b)  -> (artifact id: '0ca856df81da292bb5b4ba13a1bd34ac') in 0.251162 seconds
  Import took 0.281566 seconds .

========================================================================
Received Import Request.
  Time since last request: 0.000342 seconds.
  path: Assets/Sphere.blend
  artifactKey: Guid(d4ce640f8fc583640b0285110b8e201c) Importer(815301076,1909f56bfc062723c751e8b465ee728b)
Start importing Assets/Sphere.blend using Guid(d4ce640f8fc583640b0285110b8e201c) Importer(815301076,1909f56bfc062723c751e8b465ee728b)  -> (artifact id: 'e056fa166b16510962828dc6931a1ff8') in 0.056510 seconds
  Import took 0.070641 seconds .

========================================================================
Received Import Request.
  Time since last request: 0.000320 seconds.
  path: Assets/Sphere_Flat.blend
  artifactKey: Guid(588a7755c90f78f4fbc2cb83d9664041) Importer(815301076,1909f56bfc062723c751e8b465ee728b)
Start importing Assets/Sphere_Flat.blend using Guid(588a7755c90f78f4fbc2cb83d9664041) Importer(815301076,1909f56bfc062723c751e8b465ee728b)  -> (artifact id: '9c5bce7e50da30dbba3f280da94e2919') in 0.066877 seconds
  Import took 0.090984 seconds .

========================================================================
Received Import Request.
  Time since last request: 0.000241 seconds.
  path: Assets/Projectile.prefab
  artifactKey: Guid(86cb9119a599bee4a9c600303a1e0eee) Importer(815301076,1909f56bfc062723c751e8b465ee728b)
Start importing Assets/Projectile.prefab using Guid(86cb9119a599bee4a9c600303a1e0eee) Importer(815301076,1909f56bfc062723c751e8b465ee728b)  -> (artifact id: '8a7b35e277ebce950ad33adc3ca2d6bf') in 0.016667 seconds
  Import took 0.027010 seconds .

========================================================================
Received Import Request.
  Time since last request: 0.000265 seconds.
  path: Assets/Donut.blend
  artifactKey: Guid(13436f4329530ae419f77b46921650e9) Importer(815301076,1909f56bfc062723c751e8b465ee728b)
Start importing Assets/Donut.blend using Guid(13436f4329530ae419f77b46921650e9) Importer(815301076,1909f56bfc062723c751e8b465ee728b)  -> (artifact id: 'a1c374d4e04d61aac325b1be0b0f4dcb') in 0.058521 seconds
  Import took 0.063059 seconds .

========================================================================
Received Prepare
Registering precompiled user dll's ...
Registered in 0.003253 seconds.
Begin MonoManager ReloadAssembly
Native extension for WindowsStandalone target not found
Refreshing native plugins compatible for Editor in 0.57 ms, found 0 plugins.
Preloading 0 native plugins for Editor in 0.00 ms.
Invoked RoslynAnalysisRunner static constructor.
RoslynAnalysisRunner will not be running.
RoslynAnalysisRunner has terminated.
Mono: successfully reloaded assembly
- Completed reload, in  0.936 seconds
Platform modules already initialized, skipping
Shader 'Universal Render Pipeline/Particles/Lit': fallback shader 'Universal Render Pipeline/Particles/SimpleLit' not found
Refreshing native plugins compatible for Editor in 0.59 ms, found 0 plugins.
Preloading 0 native plugins for Editor in 0.00 ms.
Unloading 3117 Unused Serialized files (Serialized files now loaded: 0)
System memory in use before: 148.4 MB.
System memory in use after: 148.5 MB.

Unloading 35 unused Assets to reduce memory usage. Loaded Objects now: 3766.
Total: 2.475100 ms (FindLiveObjects: 0.289000 ms CreateObjectMapping: 0.152900 ms MarkObjects: 1.890100 ms  DeleteObjects: 0.142200 ms)

AssetImportWorkerClient::OnTransportError - code=2 error=End of file
